[05-May-2025 11:59:16 UTC] PHP Notice:  Function _load_textdomain_just_in_time was called <strong>incorrectly</strong>. Translation loading for the <code>acf</code> domain was triggered too early. This is usually an indicator for some code in the plugin or theme running too early. Translations should be loaded at the <code>init</code> action or later. Please see <a href="https://developer.wordpress.org/advanced-administration/debug/debug-wordpress/">Debugging in WordPress</a> for more information. (This message was added in version 6.7.0.) in /Users/andreschwarzer/Local Sites/valantic-spanish-version/app/public/wp-includes/functions.php on line 6121
[05-May-2025 11:59:16 UTC] PHP Stack trace:
[05-May-2025 11:59:16 UTC] PHP   1. {main}() /Users/andreschwarzer/Local Sites/valantic-spanish-version/app/public/wp-admin/nav-menus.php:0
[05-May-2025 11:59:16 UTC] PHP   2. require_once() /Users/andreschwarzer/Local Sites/valantic-spanish-version/app/public/wp-admin/nav-menus.php:13
[05-May-2025 11:59:16 UTC] PHP   3. require_once() /Users/andreschwarzer/Local Sites/valantic-spanish-version/app/public/wp-admin/admin.php:35
[05-May-2025 11:59:16 UTC] PHP   4. require_once() /Users/andreschwarzer/Local Sites/valantic-spanish-version/app/public/wp-load.php:50
[05-May-2025 11:59:16 UTC] PHP   5. require_once() /Users/andreschwarzer/Local Sites/valantic-spanish-version/app/public/wp-config.php:106
[05-May-2025 11:59:16 UTC] PHP   6. include_once() /Users/andreschwarzer/Local Sites/valantic-spanish-version/app/public/wp-settings.php:545
[05-May-2025 11:59:16 UTC] PHP   7. acf() /Users/andreschwarzer/Local Sites/valantic-spanish-version/app/public/wp-content/plugins/advanced-custom-fields-pro/acf.php:844
[05-May-2025 11:59:16 UTC] PHP   8. ACF->initialize() /Users/andreschwarzer/Local Sites/valantic-spanish-version/app/public/wp-content/plugins/advanced-custom-fields-pro/acf.php:838
[05-May-2025 11:59:16 UTC] PHP   9. __($text = 'Advanced Custom Fields', $domain = 'acf') /Users/andreschwarzer/Local Sites/valantic-spanish-version/app/public/wp-content/plugins/advanced-custom-fields-pro/acf.php:94
[05-May-2025 11:59:16 UTC] PHP  10. translate($text = 'Advanced Custom Fields', $domain = 'acf') /Users/andreschwarzer/Local Sites/valantic-spanish-version/app/public/wp-includes/l10n.php:307
[05-May-2025 11:59:16 UTC] PHP  11. get_translations_for_domain($domain = 'acf') /Users/andreschwarzer/Local Sites/valantic-spanish-version/app/public/wp-includes/l10n.php:195
[05-May-2025 11:59:16 UTC] PHP  12. _load_textdomain_just_in_time($domain = 'acf') /Users/andreschwarzer/Local Sites/valantic-spanish-version/app/public/wp-includes/l10n.php:1409
[05-May-2025 11:59:16 UTC] PHP  13. _doing_it_wrong($function_name = '_load_textdomain_just_in_time', $message = 'Translation loading for the <code>acf</code> domain was triggered too early. This is usually an indicator for some code in the plugin or theme running too early. Translations should be loaded at the <code>init</code> action or later.', $version = '6.7.0') /Users/andreschwarzer/Local Sites/valantic-spanish-version/app/public/wp-includes/l10n.php:1379
[05-May-2025 11:59:16 UTC] PHP  14. wp_trigger_error($function_name = '', $message = 'Function _load_textdomain_just_in_time was called <strong>incorrectly</strong>. Translation loading for the <code>acf</code> domain was triggered too early. This is usually an indicator for some code in the plugin or theme running too early. Translations should be loaded at the <code>init</code> action or later. Please see <a href="https://developer.wordpress.org/advanced-administration/debug/debug-wordpress/">Debugging in WordPress</a> for more information. (This message was added in version 6.7.0.)', $error_level = *uninitialized*) /Users/andreschwarzer/Local Sites/valantic-spanish-version/app/public/wp-includes/functions.php:6061
[05-May-2025 11:59:16 UTC] PHP  15. trigger_error($message = 'Function _load_textdomain_just_in_time was called <strong>incorrectly</strong>. Translation loading for the <code>acf</code> domain was triggered too early. This is usually an indicator for some code in the plugin or theme running too early. Translations should be loaded at the <code>init</code> action or later. Please see <a href="https://developer.wordpress.org/advanced-administration/debug/debug-wordpress/">Debugging in WordPress</a> for more information. (This message was added in version 6.7.0.)', $error_level = 1024) /Users/andreschwarzer/Local Sites/valantic-spanish-version/app/public/wp-includes/functions.php:6121
[05-May-2025 11:59:18 UTC] PHP Warning:  Cannot modify header information - headers already sent by (output started at /Users/andreschwarzer/Local Sites/valantic-spanish-version/app/public/wp-includes/functions.php:6121) in /Users/andreschwarzer/Local Sites/valantic-spanish-version/app/public/wp-includes/functions.php on line 7168
[05-May-2025 11:59:18 UTC] PHP Stack trace:
[05-May-2025 11:59:18 UTC] PHP   1. {main}() /Users/andreschwarzer/Local Sites/valantic-spanish-version/app/public/wp-admin/nav-menus.php:0
[05-May-2025 11:59:18 UTC] PHP   2. require_once() /Users/andreschwarzer/Local Sites/valantic-spanish-version/app/public/wp-admin/nav-menus.php:13
[05-May-2025 11:59:18 UTC] PHP   3. do_action($hook_name = 'admin_init') /Users/andreschwarzer/Local Sites/valantic-spanish-version/app/public/wp-admin/admin.php:176
[05-May-2025 11:59:18 UTC] PHP   4. WP_Hook->do_action($args = [0 => '']) /Users/andreschwarzer/Local Sites/valantic-spanish-version/app/public/wp-includes/plugin.php:517
[05-May-2025 11:59:18 UTC] PHP   5. WP_Hook->apply_filters($value = '', $args = [0 => '']) /Users/andreschwarzer/Local Sites/valantic-spanish-version/app/public/wp-includes/class-wp-hook.php:348
[05-May-2025 11:59:18 UTC] PHP   6. wp_admin_headers('') /Users/andreschwarzer/Local Sites/valantic-spanish-version/app/public/wp-includes/class-wp-hook.php:324
[05-May-2025 11:59:18 UTC] PHP   7. header($header = 'Referrer-Policy: strict-origin-when-cross-origin') /Users/andreschwarzer/Local Sites/valantic-spanish-version/app/public/wp-includes/functions.php:7168
[15-May-2025 06:58:57 UTC] Xdebug: [Step Debug] Could not connect to debugging client. Tried: ::1:9003 (from REMOTE_ADDR HTTP header), localhost:9003 (fallback through xdebug.client_host/xdebug.client_port) :-(
[15-May-2025 06:58:57 UTC] Cron unschedule event error for hook: cerber_scheduled_hash, Error code: could_not_set, Error message: The cron event list could not be saved., Data: {"schedule":false,"args":["\/Users\/andreschwarzer\/Local Sites\/valantic-template-april-25\/app\/public\/wp-content\/uploads\/wp-cerber-UKGXA1HQFO8W32N09IC\/tmp\/all-in-one-wp-migration-unlimited-extension.zip"]}
[15-May-2025 07:47:59 UTC] [WPTransfer] [INFO] Starte Transfer-Prüfung | {"trigger":"cron","transfer_id":null}
[15-May-2025 07:47:59 UTC] [WPTransfer] [INFO] Transfer-Prüfung abgeschlossen | {"trigger":"cron","stats":{"expired":{"success":0,"failed":0,"errors":[]},"single_download":{"success":0,"failed":0,"errors":[]}}}
[14-May-2025 20:42:36 UTC] WordPress database error Unknown column 'token' in 'field list' for query SELECT token FROM wp_wptransfer_transfers made by do_action('admin_post_wptransfer_delete_all_transfers'), WP_Hook->do_action, WP_Hook->apply_filters, wptransfer_delete_all_transfers
[14-May-2025 20:50:10 UTC] [WPTransfer] Update-Datenbank-Aktion wurde aufgerufen
[14-May-2025 20:50:10 UTC] [WPTransfer] Starte Datenbank-Update
[14-May-2025 20:50:10 UTC] [WPTransfer] Datenbank-Update abgeschlossen